<?xml version="1.0" encoding="utf-8" standalone="no"?>
<!--This file represents the results of running a test suite-->
<test-results name="C:\Projects\ASP.NET-master\MVCDOTNET\MVCAppTests\obj\Debug\MVCAppTests.dll" total="3" errors="2" failures="0" not-run="0" inconclusive="0" ignored="0" skipped="0" invalid="0" date="2018-01-04" time="15:20:57">
  <environment nunit-version="3.5.0.0" clr-version="4.0.30319.42000" os-version="Microsoft Windows NT 10.0.10586.0" platform="Win32NT" cwd="C:\Projects\ASP.NET-master\MVCDOTNET\MVCAppTests" machine-name="IE11LTB81XTC2" user="H265456" user-domain="GLOBAL" />
  <culture-info current-culture="en-US" current-uiculture="en-US" />
  <test-suite type="Assembly" name="C:\Projects\ASP.NET-master\MVCDOTNET\MVCAppTests\obj\Debug\MVCAppTests.dll" executed="True" result="Failure" success="False" time="27.525" asserts="0">
    <properties>
      <property name="_PID" value="88740" />
      <property name="_APPDOMAIN" value="domain-" />
    </properties>
    <failure>
      <message><![CDATA[One or more child tests had errors]]></message>
      <stack-trace />
    </failure>
    <results>
      <test-suite type="TestSuite" name="MVCAppTests" executed="True" result="Failure" success="False" time="27.506" asserts="0">
        <failure>
          <message><![CDATA[One or more child tests had errors]]></message>
          <stack-trace />
        </failure>
        <results>
          <test-suite type="TestSuite" name="Controllers" executed="True" result="Success" success="True" time="0.066" asserts="0">
            <results>
              <test-suite type="TestFixture" name="RegisterControllerTests" executed="True" result="Success" success="True" time="0.061" asserts="0">
                <results>
                  <test-case name="MVCAppTests.Controllers.RegisterControllerTests.UserAddTest" executed="True" result="Success" success="True" time="0.049" asserts="0" />
                </results>
              </test-suite>
            </results>
          </test-suite>
          <test-suite type="TestSuite" name="UITest" executed="True" result="Failure" success="False" time="27.505" asserts="0">
            <failure>
              <message><![CDATA[One or more child tests had errors]]></message>
              <stack-trace />
            </failure>
            <results>
              <test-suite type="TestSuite" name="TestCases" executed="True" result="Failure" success="False" time="27.505" asserts="0">
                <failure>
                  <message><![CDATA[One or more child tests had errors]]></message>
                  <stack-trace />
                </failure>
                <results>
                  <test-suite type="TestFixture" name="WUITest" executed="True" result="Failure" success="False" time="27.436" asserts="0">
                    <failure>
                      <message><![CDATA[One or more child tests had errors]]></message>
                      <stack-trace />
                    </failure>
                    <results>
                      <test-case name="MVCAppTests.UITest.TestCases.WUITest.Can_Navigate_To_GoToHome" executed="True" result="Error" success="False" time="14.207" asserts="0">
                        <failure>
                          <message><![CDATA[OpenQA.Selenium.NoSuchElementException : no such element: Unable to locate element: {"method":"id","selector":"loginLink"}
  (Session info: chrome=63.0.3239.108)
  (Driver info: chromedriver=2.32.498550 (9dec58e66c31bcc53a9ce3c7226f0c1c5810906a),platform=Windows NT 10.0.10586 x86_64)]]></message>
                          <stack-trace><![CDATA[   at OpenQA.Selenium.Remote.RemoteWebDriver.UnpackAndThrowOnError(Response errorResponse)
   at OpenQA.Selenium.Remote.RemoteWebDriver.Execute(String driverCommandToExecute, Dictionary`2 parameters)
   at OpenQA.Selenium.Remote.RemoteWebDriver.FindElement(String mechanism, String value)
   at MVCAppTests.UITest.PageObjects.HomePage.get_Name() in C:\Projects\ASP.NET-master\MVCDOTNET\MVCAppTests\Controllers\UITest\PageObjects\HomePage.cs:line 21
   at MVCAppTests.UITest.TestCases.WUITest.Can_Navigate_To_GoToHome() in C:\Projects\ASP.NET-master\MVCDOTNET\MVCAppTests\Controllers\UITest\TestCases\WUITest.cs:line 35]]></stack-trace>
                        </failure>
                      </test-case>
                      <test-case name="MVCAppTests.UITest.TestCases.WUITest.Can_Navigate_To_Login" executed="True" result="Error" success="False" time="13.228" asserts="0">
                        <failure>
                          <message><![CDATA[OpenQA.Selenium.NoSuchElementException : no such element: Unable to locate element: {"method":"id","selector":"loginLink"}
  (Session info: chrome=63.0.3239.108)
  (Driver info: chromedriver=2.32.498550 (9dec58e66c31bcc53a9ce3c7226f0c1c5810906a),platform=Windows NT 10.0.10586 x86_64)]]></message>
                          <stack-trace><![CDATA[   at OpenQA.Selenium.Remote.RemoteWebDriver.UnpackAndThrowOnError(Response errorResponse)
   at OpenQA.Selenium.Remote.RemoteWebDriver.Execute(String driverCommandToExecute, Dictionary`2 parameters)
   at OpenQA.Selenium.Remote.RemoteWebDriver.FindElement(String mechanism, String value)
   at MVCAppTests.UITest.PageObjects.HomePage.home(String name) in C:\Projects\ASP.NET-master\MVCDOTNET\MVCAppTests\Controllers\UITest\PageObjects\HomePage.cs:line 33
   at MVCAppTests.UITest.TestCases.WUITest.Can_Navigate_To_Login() in C:\Projects\ASP.NET-master\MVCDOTNET\MVCAppTests\Controllers\UITest\TestCases\WUITest.cs:line 61]]></stack-trace>
                        </failure>
                      </test-case>
                    </results>
                  </test-suite>
                </results>
              </test-suite>
            </results>
          </test-suite>
        </results>
      </test-suite>
    </results>
  </test-suite>
</test-results>